Flutter crash report; please file at https://github.com/flutter/flutter/issues.

## command

flutter run -d EEZLTKCAQGGQ7LDM

## exception

TimeoutException: TimeoutException: Request to Dart VM Service timed out: _flutter.listViews({})

```
#0      VM.invokeRpcRaw (package:flutter_tools/src/vmservice.dart:834:9)
<asynchronous suspension>
#1      VM.invokeRpc (package:flutter_tools/src/vmservice.dart:851:49)
<asynchronous suspension>
#2      VM.refreshViews (package:flutter_tools/src/vmservice.dart:955:26)
<asynchronous suspension>
#3      FlutterDevice.refreshViews (package:flutter_tools/src/resident_runner.dart:90:30)
<asynchronous suspension>
#4      ResidentRunner.refreshViews (package:flutter_tools/src/resident_runner.dart:504:26)
<asynchronous suspension>
#5      HotRunner.attach (package:flutter_tools/src/run_hot.dart:202:11)
<asynchronous suspension>
#6      HotRunner.run (package:flutter_tools/src/run_hot.dart:282:12)
<asynchronous suspension>
#7      RunCommand.runCommand (package:flutter_tools/src/commands/run.dart:397:37)
<asynchronous suspension>
#8      FlutterCommand.verifyThenRunCommand (package:flutter_tools/src/runner/flutter_command.dart:400:18)
#9      _asyncThenWrapperHelper.<anonymous closure> (dart:async/runtime/libasync_patch.dart:77:64)
#10     _rootRunUnary (dart:async/zone.dart:1132:38)
#11     _CustomZone.runUnary (dart:async/zone.dart:1029:19)
#12     _FutureListener.handleValue (dart:async/future_impl.dart:129:18)
#13     Future._propagateToListeners.handleValueCallback (dart:async/future_impl.dart:642:45)
#14     Future._propagateToListeners (dart:async/future_impl.dart:671:32)
#15     Future._complete (dart:async/future_impl.dart:476:7)
#16     _SyncCompleter.complete (dart:async/future_impl.dart:51:12)
#17     _AsyncAwaitCompleter.complete (dart:async/runtime/libasync_patch.dart:28:18)
#18     _completeOnAsyncReturn (dart:async/runtime/libasync_patch.dart:295:13)
#19     RunCommand.usageValues (package:flutter_tools/src/commands/run.dart)
#20     _asyncThenWrapperHelper.<anonymous closure> (dart:async/runtime/libasync_patch.dart:77:64)
#21     _rootRunUnary (dart:async/zone.dart:1132:38)
#22     _CustomZone.runUnary (dart:async/zone.dart:1029:19)
#23     _FutureListener.handleValue (dart:async/future_impl.dart:129:18)
#24     Future._propagateToListeners.handleValueCallback (dart:async/future_impl.dart:642:45)
#25     Future._propagateToListeners (dart:async/future_impl.dart:671:32)
#26     Future._complete (dart:async/future_impl.dart:476:7)
#27     _SyncCompleter.complete (dart:async/future_impl.dart:51:12)
#28     _AsyncAwaitCompleter.complete.<anonymous closure> (dart:async/runtime/libasync_patch.dart:33:20)
#29     _rootRun (dart:async/zone.dart:1124:13)
#30     _CustomZone.run (dart:async/zone.dart:1021:19)
#31     _CustomZone.bindCallback.<anonymous closure> (dart:async/zone.dart:947:23)
#32     _microtaskLoop (dart:async/schedule_microtask.dart:41:21)
#33     _startMicrotaskLoop (dart:async/schedule_microtask.dart:50:5)
#34     _runPendingImmediateCallback (dart:isolate/runtime/libisolate_patch.dart:115:13)
#35     _RawReceivePortImpl._handleMessage (dart:isolate/runtime/libisolate_patch.dart:172:5)
```

## flutter doctor

```
[32m[✓][39m Flutter (Channel dev, v0.11.2, on Mac OS X 10.14.1 18B75, locale en-IN)
    [32m•[39m Flutter version 0.11.2 at /Users/shyamalupadhyaya/Dev/software/flutter
    [32m•[39m Framework revision e32cd85446 (30 hours ago), 2018-11-09 14:26:21 -0800
    [32m•[39m Engine revision 316f6365a6
    [32m•[39m Dart version 2.1.0 (build 2.1.0-dev.9.3 9c07fb64c4)

[32m[✓][39m Android toolchain - develop for Android devices (Android SDK 27.0.3)
    [32m•[39m Android SDK at /Users/shyamalupadhyaya/Library/Android/sdk
    [32m•[39m Android NDK location not configured (optional; useful for native profiling support)
    [32m•[39m Platform android-27, build-tools 27.0.3
    [32m•[39m Java binary at: /Applications/Android Studio.app/Contents/jre/jdk/Contents/Home/bin/java
    [32m•[39m Java version OpenJDK Runtime Environment (build 1.8.0_152-release-1136-b06)
    [32m•[39m All Android licenses accepted.

[32m[✓][39m iOS toolchain - develop for iOS devices (Xcode 10.1)
    [32m•[39m Xcode at /Applications/Xcode.app/Contents/Developer
    [32m•[39m Xcode 10.1, Build version 10B61
    [32m•[39m ios-deploy 1.9.2
    [32m•[39m CocoaPods version 1.6.0.beta.2

[32m[✓][39m Android Studio (version 3.2)
    [32m•[39m Android Studio at /Applications/Android Studio.app/Contents
    [32m•[39m Flutter plugin version 30.0.1
    [32m•[39m Dart plugin version 181.5656
    [32m•[39m Java version OpenJDK Runtime Environment (build 1.8.0_152-release-1136-b06)

[32m[✓][39m Connected device (2 available)
    [32m•[39m ONE A2003       • 9676fa9f         • android-arm • Android null (API null)
    [32m•[39m Lenovo TB3 710F • EEZLTKCAQGGQ7LDM • android-arm • Android 5.0.1 (API 21)

[32m•[39m No issues found!
```
